#
# There is insufficient memory for the Java Runtime Environment to continue.
# Native memory allocation (malloc) failed to allocate 1383456 bytes for Chunk::new
# Possible reasons:
#   The system is out of physical RAM or swap space
#   In 32 bit mode, the process size limit was hit
# Possible solutions:
#   Reduce memory load on the system
#   Increase physical memory or swap space
#   Check if swap backing store is full
#   Use 64 bit Java on a 64 bit OS
#   Decrease Java heap size (-Xmx/-Xms)
#   Decrease number of Java threads
#   Decrease Java thread stack sizes (-Xss)
#   Set larger code cache with -XX:ReservedCodeCacheSize=
# This output file may be truncated or incomplete.
#
#  Out of Memory Error (allocation.cpp:323), pid=2604, tid=9944
#
# JRE version: Java(TM) SE Runtime Environment (7.0_80-b15) (build 1.7.0_80-b15)
# Java VM: Java HotSpot(TM) 64-Bit Server VM (24.80-b11 mixed mode windows-amd64 compressed oops)
# Failed to write core dump. Minidumps are not enabled by default on client versions of Windows
#

---------------  T H R E A D  ---------------

Current thread (0x0000000008bb9800):  JavaThread "C2 CompilerThread1" daemon [_thread_in_native, id=9944, stack(0x000000000a210000,0x000000000a310000)]

Stack: [0x000000000a210000,0x000000000a310000]
[error occurred during error reporting (printing stack bounds), id 0xc0000005]


[error occurred during error reporting (printing native stack), id 0xc0000005]


Current CompileTask:
C2:  14166  586   !         com.android.dx.cf.code.BytecodeArray::parseInstruction (2764 bytes)


---------------  P R O C E S S  ---------------

Java Threads: ( => current thread )
  0x000000000a5c5800 JavaThread "pool-2-thread-4" [_thread_blocked, id=6648, stack(0x000000000ad10000,0x000000000ae10000)]
  0x000000000a673000 JavaThread "pool-2-thread-3" [_thread_blocked, id=5768, stack(0x000000000ac10000,0x000000000ad10000)]
  0x000000000a5eb000 JavaThread "pool-2-thread-2" [_thread_blocked, id=5960, stack(0x000000000ab10000,0x000000000ac10000)]
  0x000000000a70f800 JavaThread "pool-3-thread-1" [_thread_blocked, id=2152, stack(0x000000000aa10000,0x000000000ab10000)]
  0x000000000a64e800 JavaThread "pool-2-thread-1" [_thread_blocked, id=8576, stack(0x000000000a910000,0x000000000aa10000)]
  0x0000000008bbf800 JavaThread "Service Thread" daemon [_thread_blocked, id=5656, stack(0x000000000a310000,0x000000000a410000)]
=>0x0000000008bb9800 JavaThread "C2 CompilerThread1" daemon [_thread_in_native, id=9944, stack(0x000000000a210000,0x000000000a310000)]
  0x0000000008bae800 JavaThread "C2 CompilerThread0" daemon [_thread_blocked, id=5440, stack(0x000000000a110000,0x000000000a210000)]
  0x0000000008bad000 JavaThread "Attach Listener" daemon [_thread_blocked, id=7292, stack(0x000000000a010000,0x000000000a110000)]
  0x0000000008baa000 JavaThread "Signal Dispatcher" daemon [_thread_blocked, id=2684, stack(0x0000000009f10000,0x000000000a010000)]
  0x0000000008b59800 JavaThread "Finalizer" daemon [_thread_blocked, id=8180, stack(0x0000000009e10000,0x0000000009f10000)]
  0x0000000008b56000 JavaThread "Reference Handler" daemon [_thread_blocked, id=9972, stack(0x0000000009d10000,0x0000000009e10000)]
  0x0000000002c00800 JavaThread "main" [_thread_in_vm, id=7604, stack(0x00000000026c0000,0x00000000027c0000)]

Other Threads:
  0x0000000008b51000 VMThread [stack: 0x0000000009c10000,0x0000000009d10000] [id=9912]
  0x0000000008bcc800 WatcherThread [stack: 0x000000000a410000,0x000000000a510000] [id=7556]

VM state:not at safepoint (normal execution)

VM Mutex/Monitor currently owned by a thread: None

Heap
 PSYoungGen      total 103936K, used 14672K [0x00000000eaa80000, 0x00000000f1380000, 0x0000000100000000)
  eden space 100352K, 11% used [0x00000000eaa80000,0x00000000eb5569d0,0x00000000f0c80000)
  from space 3584K, 99% used [0x00000000f1000000,0x00000000f137d6f0,0x00000000f1380000)
  to   space 3584K, 0% used [0x00000000f0c80000,0x00000000f0c80000,0x00000000f1000000)
 ParOldGen       total 64512K, used 21149K [0x00000000c0000000, 0x00000000c3f00000, 0x00000000eaa80000)
  object space 64512K, 32% used [0x00000000c0000000,0x00000000c14a7438,0x00000000c3f00000)
 PSPermGen       total 21504K, used 6021K [0x00000000bae00000, 0x00000000bc300000, 0x00000000c0000000)
  object space 21504K, 28% used [0x00000000bae00000,0x00000000bb3e16f8,0x00000000bc300000)

Card table byte_map: [0x0000000005dc0000,0x0000000005ff0000] byte_map_base: 0x00000000057e9000

Polling page: 0x0000000001110000

Code Cache  [0x0000000002d00000, 0x0000000002f70000, 0x0000000005d00000)
 total_blobs=797 nmethods=558 adapters=191 free_code_cache=47070Kb largest_free_block=47922304

Compilation events (10 events):
Event: 13.754 Thread 0x0000000008bb9800  583             sun.misc.VM::isBooted (4 bytes)
Event: 13.754 Thread 0x0000000008bb9800 nmethod 583 0x0000000002f31710 code [0x0000000002f31840, 0x0000000002f31898]
Event: 13.755 Thread 0x0000000008bb9800  584             java.util.HashMap::initHashSeedAsNeeded (61 bytes)
Event: 13.755 Thread 0x0000000008bae800 nmethod 579 0x0000000002df11d0 code [0x0000000002df1420, 0x0000000002df2330]
Event: 13.757 Thread 0x0000000008bb9800 nmethod 584 0x0000000002ddb050 code [0x0000000002ddb1a0, 0x0000000002ddb258]
Event: 13.772 Thread 0x0000000008bae800  585             com.android.dx.rop.type.Type::compareTo (12 bytes)
Event: 13.773 Thread 0x0000000008bae800 nmethod 585 0x0000000002dddb10 code [0x0000000002dddc40, 0x0000000002dddd98]
Event: 14.116 Thread 0x0000000008bb9800  586   !         com.android.dx.cf.code.BytecodeArray::parseInstruction (2764 bytes)
Event: 14.146 Thread 0x0000000008bae800  587             com.android.dx.rop.type.Type::compareTo (9 bytes)
Event: 14.148 Thread 0x0000000008bae800 nmethod 587 0x0000000002df6d90 code [0x0000000002df6ee0, 0x0000000002df7058]

GC Heap History (8 events):
Event: 3.972 GC heap before
{Heap before GC invocations=1 (full 0):
 PSYoungGen      total 28672K, used 25088K [0x00000000eaa80000, 0x00000000eca00000, 0x0000000100000000)
  eden space 25088K, 100% used [0x00000000eaa80000,0x00000000ec300000,0x00000000ec300000)
  from space 3584K, 0% used [0x00000000ec680000,0x00000000ec680000,0x00000000eca00000)
  to   space 3584K, 0% used [0x00000000ec300000,0x00000000ec300000,0x00000000ec680000)
 ParOldGen       total 64512K, used 0K [0x00000000c0000000, 0x00000000c3f00000, 0x00000000eaa80000)
  object space 64512K, 0% used [0x00000000c0000000,0x00000000c0000000,0x00000000c3f00000)
 PSPermGen       total 21504K, used 5759K [0x00000000bae00000, 0x00000000bc300000, 0x00000000c0000000)
  object space 21504K, 26% used [0x00000000bae00000,0x00000000bb39fdc0,0x00000000bc300000)
Event: 4.069 GC heap after
Heap after GC invocations=1 (full 0):
 PSYoungGen      total 28672K, used 3581K [0x00000000eaa80000, 0x00000000ee280000, 0x0000000100000000)
  eden space 25088K, 0% used [0x00000000eaa80000,0x00000000eaa80000,0x00000000ec300000)
  from space 3584K, 99% used [0x00000000ec300000,0x00000000ec67f638,0x00000000ec680000)
  to   space 3584K, 0% used [0x00000000edf00000,0x00000000edf00000,0x00000000ee280000)
 ParOldGen       total 64512K, used 1284K [0x00000000c0000000, 0x00000000c3f00000, 0x00000000eaa80000)
  object space 64512K, 1% used [0x00000000c0000000,0x00000000c0141268,0x00000000c3f00000)
 PSPermGen       total 21504K, used 5759K [0x00000000bae00000, 0x00000000bc300000, 0x00000000c0000000)
  object space 21504K, 26% used [0x00000000bae00000,0x00000000bb39fdc0,0x00000000bc300000)
}
Event: 6.583 GC heap before
{Heap before GC invocations=2 (full 0):
 PSYoungGen      total 28672K, used 28669K [0x00000000eaa80000, 0x00000000ee280000, 0x0000000100000000)
  eden space 25088K, 100% used [0x00000000eaa80000,0x00000000ec300000,0x00000000ec300000)
  from space 3584K, 99% used [0x00000000ec300000,0x00000000ec67f638,0x00000000ec680000)
  to   space 3584K, 0% used [0x00000000edf00000,0x00000000edf00000,0x00000000ee280000)
 ParOldGen       total 64512K, used 1284K [0x00000000c0000000, 0x00000000c3f00000, 0x00000000eaa80000)
  object space 64512K, 1% used [0x00000000c0000000,0x00000000c0141268,0x00000000c3f00000)
 PSPermGen       total 21504K, used 5920K [0x00000000bae00000, 0x00000000bc300000, 0x00000000c0000000)
  object space 21504K, 27% used [0x00000000bae00000,0x00000000bb3c80c8,0x00000000bc300000)
Event: 6.973 GC heap after
Heap after GC invocations=2 (full 0):
 PSYoungGen      total 53760K, used 3582K [0x00000000eaa80000, 0x00000000ee280000, 0x0000000100000000)
  eden space 50176K, 0% used [0x00000000eaa80000,0x00000000eaa80000,0x00000000edb80000)
  from space 3584K, 99% used [0x00000000edf00000,0x00000000ee27faa8,0x00000000ee280000)
  to   space 3584K, 0% used [0x00000000edb80000,0x00000000edb80000,0x00000000edf00000)
 ParOldGen       total 64512K, used 5285K [0x00000000c0000000, 0x00000000c3f00000, 0x00000000eaa80000)
  object space 64512K, 8% used [0x00000000c0000000,0x00000000c05294b0,0x00000000c3f00000)
 PSPermGen       total 21504K, used 5920K [0x00000000bae00000, 0x00000000bc300000, 0x00000000c0000000)
  object space 21504K, 27% used [0x00000000bae00000,0x00000000bb3c80c8,0x00000000bc300000)
}
Event: 10.430 GC heap before
{Heap before GC invocations=3 (full 0):
 PSYoungGen      total 53760K, used 53758K [0x00000000eaa80000, 0x00000000ee280000, 0x0000000100000000)
  eden space 50176K, 100% used [0x00000000eaa80000,0x00000000edb80000,0x00000000edb80000)
  from space 3584K, 99% used [0x00000000edf00000,0x00000000ee27faa8,0x00000000ee280000)
  to   space 3584K, 0% used [0x00000000edb80000,0x00000000edb80000,0x00000000edf00000)
 ParOldGen       total 64512K, used 5285K [0x00000000c0000000, 0x00000000c3f00000, 0x00000000eaa80000)
  object space 64512K, 8% used [0x00000000c0000000,0x00000000c05294b0,0x00000000c3f00000)
 PSPermGen       total 21504K, used 5984K [0x00000000bae00000, 0x00000000bc300000, 0x00000000c0000000)
  object space 21504K, 27% used [0x00000000bae00000,0x00000000bb3d83f8,0x00000000bc300000)
Event: 10.590 GC heap after
Heap after GC invocations=3 (full 0):
 PSYoungGen      total 53760K, used 3566K [0x00000000eaa80000, 0x00000000f1380000, 0x0000000100000000)
  eden space 50176K, 0% used [0x00000000eaa80000,0x00000000eaa80000,0x00000000edb80000)
  from space 3584K, 99% used [0x00000000edb80000,0x00000000edefbab8,0x00000000edf00000)
  to   space 3584K, 0% used [0x00000000f1000000,0x00000000f1000000,0x00000000f1380000)
 ParOldGen       total 64512K, used 12968K [0x00000000c0000000, 0x00000000c3f00000, 0x00000000eaa80000)
  object space 64512K, 20% used [0x00000000c0000000,0x00000000c0caa1b8,0x00000000c3f00000)
 PSPermGen       total 21504K, used 5984K [0x00000000bae00000, 0x00000000bc300000, 0x00000000c0000000)
  object space 21504K, 27% used [0x00000000bae00000,0x00000000bb3d83f8,0x00000000bc300000)
}
Event: 12.916 GC heap before
{Heap before GC invocations=4 (full 0):
 PSYoungGen      total 53760K, used 53742K [0x00000000eaa80000, 0x00000000f1380000, 0x0000000100000000)
  eden space 50176K, 100% used [0x00000000eaa80000,0x00000000edb80000,0x00000000edb80000)
  from space 3584K, 99% used [0x00000000edb80000,0x00000000edefbab8,0x00000000edf00000)
  to   space 3584K, 0% used [0x00000000f1000000,0x00000000f1000000,0x00000000f1380000)
 ParOldGen       total 64512K, used 12968K [0x00000000c0000000, 0x00000000c3f00000, 0x00000000eaa80000)
  object space 64512K, 20% used [0x00000000c0000000,0x00000000c0caa1b8,0x00000000c3f00000)
 PSPermGen       total 21504K, used 6017K [0x00000000bae00000, 0x00000000bc300000, 0x00000000c0000000)
  object space 21504K, 27% used [0x00000000bae00000,0x00000000bb3e05c0,0x00000000bc300000)
Event: 13.667 GC heap after
Heap after GC invocations=4 (full 0):
 PSYoungGen      total 103936K, used 3573K [0x00000000eaa80000, 0x00000000f1380000, 0x0000000100000000)
  eden space 100352K, 0% used [0x00000000eaa80000,0x00000000eaa80000,0x00000000f0c80000)
  from space 3584K, 99% used [0x00000000f1000000,0x00000000f137d6f0,0x00000000f1380000)
  to   space 3584K, 0% used [0x00000000f0c80000,0x00000000f0c80000,0x00000000f1000000)
 ParOldGen       total 64512K, used 21149K [0x00000000c0000000, 0x00000000c3f00000, 0x00000000eaa80000)
  object space 64512K, 32% used [0x00000000c0000000,0x00000000c14a7438,0x00000000c3f00000)
 PSPermGen       total 21504K, used 6017K [0x00000000bae00000, 0x00000000bc300000, 0x00000000c0000000)
  object space 21504K, 27% used [0x00000000bae00000,0x00000000bb3e05c0,0x00000000bc300000)
}

Deoptimization events (10 events):
Event: 11.028 Thread 0x000000000a5c5800 Uncommon trap: reason=null_check action=make_not_entrant pc=0x0000000002f2181c method=com.android.dx.dex.file.MethodIdsSection.intern(Lcom/android/dx/rop/cst/CstBaseMethodRef;)Lcom/android/dx/dex/file/MethodIdItem; @ 26
Event: 13.693 Thread 0x000000000a5c5800 Uncommon trap: reason=unstable_if action=reinterpret pc=0x0000000002e56b78 method=com.android.dx.ssa.back.FirstFitLocalCombiningAllocator.findNextUnreservedRopReg(IILcom/android/dx/ssa/back/FirstFitLocalCombiningAllocator$Alignment;)I @ 32
Event: 13.734 Thread 0x0000000002c00800 Uncommon trap: reason=unstable_if action=reinterpret pc=0x0000000002dcff60 method=com.android.dx.cf.code.Merger.mergeType(Lcom/android/dx/rop/type/TypeBearer;Lcom/android/dx/rop/type/TypeBearer;)Lcom/android/dx/rop/type/TypeBearer; @ 52
Event: 13.744 Thread 0x0000000002c00800 Uncommon trap: reason=unstable_if action=reinterpret pc=0x0000000002ee0f24 method=com.android.dx.ssa.SCCP.simulateStmt(Lcom/android/dx/ssa/SsaInsn;)V @ 59
Event: 13.757 Thread 0x000000000a673000 Uncommon trap: reason=bimorphic action=maybe_recompile pc=0x0000000002f3d058 method=com.android.dx.cf.code.BytecodeArray.parseInstruction(ILcom/android/dx/cf/code/BytecodeArray$Visitor;)I @ 1130
Event: 13.757 Thread 0x000000000a673000 Uncommon trap: reason=bimorphic action=maybe_recompile pc=0x0000000002f3cc68 method=com.android.dx.cf.code.BytecodeArray.parseInstruction(ILcom/android/dx/cf/code/BytecodeArray$Visitor;)I @ 971
Event: 13.757 Thread 0x000000000a673000 Uncommon trap: reason=bimorphic action=maybe_recompile pc=0x0000000002f3cce8 method=com.android.dx.cf.code.BytecodeArray.parseInstruction(ILcom/android/dx/cf/code/BytecodeArray$Visitor;)I @ 987
Event: 13.757 Thread 0x000000000a673000 Uncommon trap: reason=bimorphic action=maybe_recompile pc=0x0000000002f3cbe8 method=com.android.dx.cf.code.BytecodeArray.parseInstruction(ILcom/android/dx/cf/code/BytecodeArray$Visitor;)I @ 955
Event: 13.757 Thread 0x000000000a673000 Uncommon trap: reason=bimorphic action=maybe_recompile pc=0x0000000002f3cbe8 method=com.android.dx.cf.code.BytecodeArray.parseInstruction(ILcom/android/dx/cf/code/BytecodeArray$Visitor;)I @ 955
Event: 13.758 Thread 0x000000000a673000 Uncommon trap: reason=null_check action=make_not_entrant pc=0x0000000002f2181c method=com.android.dx.dex.file.MethodIdsSection.intern(Lcom/android/dx/rop/cst/CstBaseMethodRef;)Lcom/android/dx/dex/file/MethodIdItem; @ 26

Internal exceptions (10 events):
Event: 3.175 Thread 0x000000000a673000 Threw 0x00000000ebb09208 at C:\re\jdk7u80\2329\hotspot\src\share\vm\prims\jvm.cpp:1319
Event: 3.285 Thread 0x000000000a673000 Threw 0x00000000ebd4a670 at C:\re\jdk7u80\2329\hotspot\src\share\vm\prims\jvm.cpp:1319
Event: 3.916 Thread 0x000000000a5c5800 Threw 0x00000000ec12c5f8 at C:\re\jdk7u80\2329\hotspot\src\share\vm\prims\jvm.cpp:1319
Event: 3.936 Thread 0x000000000a673000 Threw 0x00000000ec23d840 at C:\re\jdk7u80\2329\hotspot\src\share\vm\prims\jvm.cpp:1319
Event: 4.833 Thread 0x0000000002c00800 Implicit null exception at 0x0000000002dcdb33 to 0x0000000002dce1d1
Event: 5.750 Thread 0x0000000002c00800 Threw 0x00000000ebcd27b0 at C:\re\jdk7u80\2329\hotspot\src\share\vm\prims\jvm.cpp:1319
Event: 7.002 Thread 0x000000000a673000 Implicit null exception at 0x0000000002e1896c to 0x0000000002e1a729
Event: 8.939 Thread 0x000000000a5c5800 Implicit null exception at 0x0000000002ed1e18 to 0x0000000002ed25e1
Event: 8.999 Thread 0x000000000a673000 Threw 0x00000000ecf31fa8 at C:\re\jdk7u80\2329\hotspot\src\share\vm\prims\jvm.cpp:1319
Event: 10.652 Thread 0x000000000a673000 Threw 0x00000000eaef4ee8 at C:\re\jdk7u80\2329\hotspot\src\share\vm\prims\jvm.cpp:1319

Events (10 events):
Event: 13.757 Thread 0x000000000a673000 Uncommon trap: trap_request=0xffffffc6 fr.pc=0x0000000002f3cbe8
Event: 13.757 Thread 0x000000000a673000 DEOPT PACKING pc=0x0000000002f3cbe8 sp=0x000000000ad0e920
Event: 13.757 Thread 0x000000000a673000 DEOPT UNPACKING pc=0x0000000002d375a4 sp=0x000000000ad0e8d8 mode 2
Event: 13.757 Thread 0x000000000a673000 Uncommon trap: trap_request=0xffffffc6 fr.pc=0x0000000002f3cbe8
Event: 13.757 Thread 0x000000000a673000 DEOPT PACKING pc=0x0000000002f3cbe8 sp=0x000000000ad0e920
Event: 13.757 Thread 0x000000000a673000 DEOPT UNPACKING pc=0x0000000002d375a4 sp=0x000000000ad0e8d8 mode 2
Event: 13.758 Thread 0x000000000a673000 Uncommon trap: trap_request=0xfffffff4 fr.pc=0x0000000002f2181c
Event: 13.758 Thread 0x000000000a673000 DEOPT PACKING pc=0x0000000002f2181c sp=0x000000000ad0eeb0
Event: 13.758 Thread 0x000000000a673000 DEOPT UNPACKING pc=0x0000000002d375a4 sp=0x000000000ad0ee08 mode 2
Event: 13.774 Thread 0x0000000008bae800 flushing nmethod 0x0000000002ed0fd0


Dynamic libraries:
0x00007ff7e85d0000 - 0x00007ff7e8603000 	H:\windowssoftware\jdk\bin\java.exe
0x00007ffd06f40000 - 0x00007ffd07102000 	G:\windows\SYSTEM32\ntdll.dll
0x00007ffd05fe0000 - 0x00007ffd0608d000 	G:\windows\system32\KERNEL32.DLL
0x00007ffd039d0000 - 0x00007ffd03bad000 	G:\windows\system32\KERNELBASE.dll
0x00007ffd05e00000 - 0x00007ffd05ea6000 	G:\windows\system32\ADVAPI32.dll
0x00007ffd05ed0000 - 0x00007ffd05f6d000 	G:\windows\system32\msvcrt.dll
0x00007ffd06df0000 - 0x00007ffd06e4b000 	G:\windows\system32\sechost.dll
0x00007ffd05cd0000 - 0x00007ffd05df6000 	G:\windows\system32\RPCRT4.dll
0x00007ffd06ae0000 - 0x00007ffd06c2e000 	G:\windows\system32\USER32.dll
0x00007ffd06950000 - 0x00007ffd06ad6000 	G:\windows\system32\GDI32.dll
0x00007ffcfe760000 - 0x00007ffcfe9d4000 	G:\windows\WinSxS\amd64_microsoft.windows.common-controls_6595b64144ccf1df_6.0.10240.16384_none_f41f7b285750ef43\COMCTL32.dll
0x00007ffd06330000 - 0x00007ffd06366000 	G:\windows\system32\IMM32.DLL
0x00007ffd064c0000 - 0x00007ffd0661c000 	G:\windows\system32\MSCTF.dll
0x00007ffd03820000 - 0x00007ffd03851000 	G:\Windows\system32\nvinitx.dll
0x00007ffd03810000 - 0x00007ffd0381a000 	G:\windows\SYSTEM32\VERSION.dll
0x000000000f000000 - 0x000000000f006000 	G:\Program Files\NVIDIA Corporation\CoProcManager\_etoured.dll
0x00007ffd01fb0000 - 0x00007ffd01fe2000 	G:\Program Files\NVIDIA Corporation\CoProcManager\nvd3d9wrapx.dll
0x00007ffd06100000 - 0x00007ffd062c5000 	G:\windows\system32\SETUPAPI.dll
0x00007ffd03ea0000 - 0x00007ffd03ee4000 	G:\windows\system32\CFGMGR32.dll
0x00007ffd01f80000 - 0x00007ffd01fa2000 	G:\Program Files\NVIDIA Corporation\CoProcManager\nvdxgiwrapx.dll
0x00000000725b0000 - 0x0000000072682000 	H:\windowssoftware\jdk\jre\bin\msvcr100.dll
0x00000000726c0000 - 0x0000000072e99000 	H:\windowssoftware\jdk\jre\bin\server\jvm.dll
0x00007ffd06e50000 - 0x00007ffd06e58000 	G:\windows\system32\PSAPI.DLL
0x00007ffcfab00000 - 0x00007ffcfab09000 	G:\windows\SYSTEM32\WSOCK32.dll
0x00007ffd06090000 - 0x00007ffd060f9000 	G:\windows\system32\WS2_32.dll
0x00007ffd06c30000 - 0x00007ffd06c38000 	G:\windows\system32\NSI.dll
0x00007ffd01ce0000 - 0x00007ffd01d03000 	G:\windows\SYSTEM32\WINMM.dll
0x00007ffd01c80000 - 0x00007ffd01cac000 	G:\windows\SYSTEM32\WINMMBASE.dll
0x00007ffd021b0000 - 0x00007ffd021d7000 	G:\windows\SYSTEM32\DEVOBJ.dll
0x00000000758b0000 - 0x00000000758bf000 	H:\windowssoftware\jdk\jre\bin\verify.dll
0x0000000075880000 - 0x00000000758a8000 	H:\windowssoftware\jdk\jre\bin\java.dll
0x0000000075860000 - 0x0000000075876000 	H:\windowssoftware\jdk\jre\bin\zip.dll
0x0000000075840000 - 0x000000007585a000 	H:\windowssoftware\jdk\jre\bin\net.dll
0x00007ffd030f0000 - 0x00007ffd0314d000 	G:\windows\system32\mswsock.dll
0x0000000075820000 - 0x0000000075831000 	H:\windowssoftware\jdk\jre\bin\nio.dll

VM Arguments:
jvm_args: -Djava.awt.headless=true -Xmx1024M -Dfile.encoding=GBK -Duser.country=CN -Duser.language=zh -Duser.variant 
java_command: com.android.dx.command.Main --dex --force-jumbo --num-threads=4 --multi-dex --output H:\shili\WHU_IBMS1\GSUOCM\build\intermediates\transforms\dex\debug\folders\1000\10\com.android.support-appcompat-v7-23.3.0_22a2e0b26005a7db18cdb6fc6d25f9283bb1ac1d H:\shili\WHU_IBMS1\GSUOCM\build\intermediates\exploded-aar\com.android.support\appcompat-v7\23.3.0\jars\classes.jar
Launcher Type: SUN_STANDARD

Environment Variables:
JAVA_HOME=H:\windowssoftware\jdk
CLASSPATH=.;H:\windowssoftware\jdklib;H:\windowssoftware\jdklib\tools.jar
PATH=H:\windowssoftware\jdk\bin;H:\windowssoftware\jdk\jre\bin;G:\windows\system32;G:\windows;G:\windows\System32\Wbem;G:\windows\System32\WindowsPowerShell\v1.0\;G:\Program Files\Microsoft\Web Platform Installer\;G:\Program Files (x86)\Microsoft ASP.NET\ASP.NET Web Pages\v1.0\;G:\Program Files (x86)\Windows Kits\8.0\Windows Performance Toolkit\;G:\Program Files\Microsoft SQL Server\110\Tools\Binn\;G:\Program Files\Microsoft SQL Server\110\DTS\Binn\;G:\Program Files (x86)\Microsoft SQL Server\110\Tools\Binn\;G:\Program Files (x86)\Microsoft SQL Server\110\Tools\Binn\ManagementStudio\;G:\Program Files (x86)\Microsoft Visual Studio 10.0\Common7\IDE\PrivateAssemblies\;G:\Program Files (x86)\Microsoft SQL Server\110\DTS\Binn\
USERNAME=Ê¯·Ü¶·
OS=Windows_NT
PROCESSOR_IDENTIFIER=Intel64 Family 6 Model 42 Stepping 7, GenuineIntel



---------------  S Y S T E M  ---------------

OS: Windows 8.1 , 64 bit Build 9600 

CPU:total 4 (2 cores per cpu, 2 threads per core) family 6 model 42 stepping 7, cmov, cx8, fxsr, mmx, sse, sse2, sse3, ssse3, sse4.1, sse4.2, popcnt, avx, ht, tsc, tscinvbit

Memory: 4k page, physical 6193648k(365116k free), swap 10289648k(6380k free)

vm_info: Java HotSpot(TM) 64-Bit Server VM (24.80-b11) for windows-amd64 JRE (1.7.0_80-b15), built on Apr 10 2015 11:26:34 by "java_re" with unknown MS VC++:1600

time: Mon May 16 12:07:23 2016
elapsed time: 14 seconds

