#
# There is insufficient memory for the Java Runtime Environment to continue.
# Native memory allocation (malloc) failed to allocate 516656 bytes for Chunk::new
# Possible reasons:
#   The system is out of physical RAM or swap space
#   In 32 bit mode, the process size limit was hit
# Possible solutions:
#   Reduce memory load on the system
#   Increase physical memory or swap space
#   Check if swap backing store is full
#   Use 64 bit Java on a 64 bit OS
#   Decrease Java heap size (-Xmx/-Xms)
#   Decrease number of Java threads
#   Decrease Java thread stack sizes (-Xss)
#   Set larger code cache with -XX:ReservedCodeCacheSize=
# This output file may be truncated or incomplete.
#
#  Out of Memory Error (allocation.cpp:323), pid=6400, tid=6764
#
# JRE version: Java(TM) SE Runtime Environment (7.0_80-b15) (build 1.7.0_80-b15)
# Java VM: Java HotSpot(TM) 64-Bit Server VM (24.80-b11 mixed mode windows-amd64 compressed oops)
# Failed to write core dump. Minidumps are not enabled by default on client versions of Windows
#

---------------  T H R E A D  ---------------

Current thread (0x0000000008a79800):  JavaThread "C2 CompilerThread1" daemon [_thread_in_native, id=6764, stack(0x000000000a0e0000,0x000000000a1e0000)]

Stack: [0x000000000a0e0000,0x000000000a1e0000]
[error occurred during error reporting (printing stack bounds), id 0xc0000005]


Current CompileTask:
C2:   7752  369   !         com.android.dx.cf.code.RopperMachine::run (1550 bytes)


---------------  P R O C E S S  ---------------

Java Threads: ( => current thread )
  0x000000000a5ba800 JavaThread "pool-1-thread-4" [_thread_in_Java, id=9588, stack(0x000000000abe0000,0x000000000ace0000)]
  0x000000000a5b8000 JavaThread "pool-1-thread-3" [_thread_blocked, id=3260, stack(0x000000000aae0000,0x000000000abe0000)]
  0x000000000a51f800 JavaThread "pool-1-thread-2" [_thread_blocked, id=8240, stack(0x000000000a9e0000,0x000000000aae0000)]
  0x000000000a51e800 JavaThread "pool-2-thread-1" [_thread_blocked, id=9408, stack(0x000000000a8e0000,0x000000000a9e0000)]
  0x000000000a548800 JavaThread "pool-1-thread-1" [_thread_blocked, id=6020, stack(0x000000000a7e0000,0x000000000a8e0000)]
  0x0000000008a7c000 JavaThread "Service Thread" daemon [_thread_blocked, id=1556, stack(0x000000000a1e0000,0x000000000a2e0000)]
=>0x0000000008a79800 JavaThread "C2 CompilerThread1" daemon [_thread_in_native, id=6764, stack(0x000000000a0e0000,0x000000000a1e0000)]
  0x0000000008a6e800 JavaThread "C2 CompilerThread0" daemon [_thread_in_native, id=9628, stack(0x0000000009fe0000,0x000000000a0e0000)]
  0x0000000008a51000 JavaThread "Attach Listener" daemon [_thread_blocked, id=7584, stack(0x0000000009ee0000,0x0000000009fe0000)]
  0x0000000008a4f800 JavaThread "Signal Dispatcher" daemon [_thread_blocked, id=10112, stack(0x0000000009de0000,0x0000000009ee0000)]
  0x0000000008a19800 JavaThread "Finalizer" daemon [_thread_blocked, id=7112, stack(0x0000000009ce0000,0x0000000009de0000)]
  0x0000000008a16000 JavaThread "Reference Handler" daemon [_thread_blocked, id=6568, stack(0x0000000009be0000,0x0000000009ce0000)]
  0x0000000002aa0800 JavaThread "main" [_thread_in_vm, id=6832, stack(0x00000000025b0000,0x00000000026b0000)]

Other Threads:
  0x0000000008a11000 VMThread [stack: 0x0000000009ae0000,0x0000000009be0000] [id=10212]
  0x0000000008a89000 WatcherThread [stack: 0x000000000a2e0000,0x000000000a3e0000] [id=5016]

VM state:not at safepoint (normal execution)

VM Mutex/Monitor currently owned by a thread: None

Heap
 PSYoungGen      total 53760K, used 21954K [0x00000000eaa80000, 0x00000000ee280000, 0x0000000100000000)
  eden space 50176K, 36% used [0x00000000eaa80000,0x00000000ebc778f0,0x00000000edb80000)
  from space 3584K, 99% used [0x00000000edf00000,0x00000000ee2792c0,0x00000000ee280000)
  to   space 3584K, 0% used [0x00000000edb80000,0x00000000edb80000,0x00000000edf00000)
 ParOldGen       total 64512K, used 6289K [0x00000000c0000000, 0x00000000c3f00000, 0x00000000eaa80000)
  object space 64512K, 9% used [0x00000000c0000000,0x00000000c06246a0,0x00000000c3f00000)
 PSPermGen       total 21504K, used 5907K [0x00000000bae00000, 0x00000000bc300000, 0x00000000c0000000)
  object space 21504K, 27% used [0x00000000bae00000,0x00000000bb3c4c70,0x00000000bc300000)

Card table byte_map: [0x0000000005c80000,0x0000000005eb0000] byte_map_base: 0x00000000056a9000

Polling page: 0x0000000000e10000

Code Cache  [0x0000000002c80000, 0x0000000002ef0000, 0x0000000005c80000)
 total_blobs=609 nmethods=370 adapters=191 free_code_cache=47673Kb largest_free_block=48785280

Compilation events (10 events):
Event: 7.624 Thread 0x0000000008a6e800 nmethod 366 0x0000000002defcd0 code [0x0000000002df00a0, 0x0000000002df2a28]
Event: 7.625 Thread 0x0000000008a6e800  370             com.android.dx.ssa.SCCP::simulatePhi (169 bytes)
Event: 7.688 Thread 0x0000000008a6e800 nmethod 370 0x0000000002df7850 code [0x0000000002df7a40, 0x0000000002df8ae8]
Event: 7.688 Thread 0x0000000008a6e800  371             com.android.dx.rop.code.RopMethod::getBlocks (5 bytes)
Event: 7.689 Thread 0x0000000008a6e800 nmethod 371 0x0000000002dcdb90 code [0x0000000002dcdcc0, 0x0000000002dcdd18]
Event: 7.689 Thread 0x0000000008a6e800  372             com.android.dx.rop.cst.CstLiteral32::equals (35 bytes)
Event: 7.690 Thread 0x0000000008a6e800 nmethod 372 0x0000000002ddb5d0 code [0x0000000002ddb720, 0x0000000002ddb7b8]
Event: 7.690 Thread 0x0000000008a6e800  373             com.android.dx.ssa.PhiInsn::predBlocksForReg (73 bytes)
Event: 7.704 Thread 0x0000000008a6e800 nmethod 373 0x0000000002de06d0 code [0x0000000002de0860, 0x0000000002de0d98]
Event: 7.704 Thread 0x0000000008a6e800  374             com.android.dx.cf.code.ValueAwareMachine::run (1142 bytes)

GC Heap History (4 events):
Event: 6.003 GC heap before
{Heap before GC invocations=1 (full 0):
 PSYoungGen      total 28672K, used 25088K [0x00000000eaa80000, 0x00000000eca00000, 0x0000000100000000)
  eden space 25088K, 100% used [0x00000000eaa80000,0x00000000ec300000,0x00000000ec300000)
  from space 3584K, 0% used [0x00000000ec680000,0x00000000ec680000,0x00000000eca00000)
  to   space 3584K, 0% used [0x00000000ec300000,0x00000000ec300000,0x00000000ec680000)
 ParOldGen       total 64512K, used 0K [0x00000000c0000000, 0x00000000c3f00000, 0x00000000eaa80000)
  object space 64512K, 0% used [0x00000000c0000000,0x00000000c0000000,0x00000000c3f00000)
 PSPermGen       total 21504K, used 5801K [0x00000000bae00000, 0x00000000bc300000, 0x00000000c0000000)
  object space 21504K, 26% used [0x00000000bae00000,0x00000000bb3aa400,0x00000000bc300000)
Event: 6.089 GC heap after
Heap after GC invocations=1 (full 0):
 PSYoungGen      total 28672K, used 3567K [0x00000000eaa80000, 0x00000000ee280000, 0x0000000100000000)
  eden space 25088K, 0% used [0x00000000eaa80000,0x00000000eaa80000,0x00000000ec300000)
  from space 3584K, 99% used [0x00000000ec300000,0x00000000ec67bc98,0x00000000ec680000)
  to   space 3584K, 0% used [0x00000000edf00000,0x00000000edf00000,0x00000000ee280000)
 ParOldGen       total 64512K, used 2016K [0x00000000c0000000, 0x00000000c3f00000, 0x00000000eaa80000)
  object space 64512K, 3% used [0x00000000c0000000,0x00000000c01f8188,0x00000000c3f00000)
 PSPermGen       total 21504K, used 5801K [0x00000000bae00000, 0x00000000bc300000, 0x00000000c0000000)
  object space 21504K, 26% used [0x00000000bae00000,0x00000000bb3aa400,0x00000000bc300000)
}
Event: 7.049 GC heap before
{Heap before GC invocations=2 (full 0):
 PSYoungGen      total 28672K, used 28655K [0x00000000eaa80000, 0x00000000ee280000, 0x0000000100000000)
  eden space 25088K, 100% used [0x00000000eaa80000,0x00000000ec300000,0x00000000ec300000)
  from space 3584K, 99% used [0x00000000ec300000,0x00000000ec67bc98,0x00000000ec680000)
  to   space 3584K, 0% used [0x00000000edf00000,0x00000000edf00000,0x00000000ee280000)
 ParOldGen       total 64512K, used 2016K [0x00000000c0000000, 0x00000000c3f00000, 0x00000000eaa80000)
  object space 64512K, 3% used [0x00000000c0000000,0x00000000c01f8188,0x00000000c3f00000)
 PSPermGen       total 21504K, used 5887K [0x00000000bae00000, 0x00000000bc300000, 0x00000000c0000000)
  object space 21504K, 27% used [0x00000000bae00000,0x00000000bb3bfcb0,0x00000000bc300000)
Event: 7.063 GC heap after
Heap after GC invocations=2 (full 0):
 PSYoungGen      total 53760K, used 3556K [0x00000000eaa80000, 0x00000000ee280000, 0x0000000100000000)
  eden space 50176K, 0% used [0x00000000eaa80000,0x00000000eaa80000,0x00000000edb80000)
  from space 3584K, 99% used [0x00000000edf00000,0x00000000ee2792c0,0x00000000ee280000)
  to   space 3584K, 0% used [0x00000000edb80000,0x00000000edb80000,0x00000000edf00000)
 ParOldGen       total 64512K, used 6289K [0x00000000c0000000, 0x00000000c3f00000, 0x00000000eaa80000)
  object space 64512K, 9% used [0x00000000c0000000,0x00000000c06246a0,0x00000000c3f00000)
 PSPermGen       total 21504K, used 5887K [0x00000000bae00000, 0x00000000bc300000, 0x00000000c0000000)
  object space 21504K, 27% used [0x00000000bae00000,0x00000000bb3bfcb0,0x00000000bc300000)
}

Deoptimization events (10 events):
Event: 3.134 Thread 0x0000000002aa0800 Uncommon trap: reason=unstable_if action=reinterpret pc=0x0000000002ce1104 method=java.lang.String.indexOf(II)I @ 49
Event: 5.111 Thread 0x000000000a51f800 Uncommon trap: reason=null_check action=make_not_entrant pc=0x0000000002cfd1b4 method=com.android.dx.rop.code.LocalItem.equals(Ljava/lang/Object;)Z @ 1
Event: 6.248 Thread 0x000000000a5ba800 Uncommon trap: reason=unstable_if action=reinterpret pc=0x0000000002d395a4 method=com.android.dx.ssa.LocalVariableExtractor.processBlock(I)V @ 251
Event: 6.660 Thread 0x000000000a5b8000 Uncommon trap: reason=null_check action=make_not_entrant pc=0x0000000002d4603c method=com.android.dx.ssa.SsaRenamer.getLocalForNewReg(I)Lcom/android/dx/rop/code/LocalItem; @ 19
Event: 6.816 Thread 0x000000000a5ba800 Uncommon trap: reason=unstable_if action=reinterpret pc=0x0000000002d42a04 method=com.android.dx.rop.cst.Constant.compareTo(Lcom/android/dx/rop/cst/Constant;)I @ 12
Event: 6.832 Thread 0x000000000a548800 Uncommon trap: reason=unstable_if action=reinterpret pc=0x0000000002d8e684 method=com.android.dx.cf.code.Ropper.processBlock(Lcom/android/dx/cf/code/ByteBlock;Lcom/android/dx/cf/code/Frame;[I)V @ 413
Event: 6.832 Thread 0x000000000a548800 Uncommon trap: reason=unstable_if action=reinterpret pc=0x0000000002cf1c6c method=com.android.dx.util.IntList.binarysearch(I)I @ 105
Event: 6.837 Thread 0x000000000a548800 Uncommon trap: reason=unstable_if action=reinterpret pc=0x0000000002d64eb4 method=com.android.dx.ssa.SsaBasicBlock.newFromRop(Lcom/android/dx/rop/code/RopMethod;ILcom/android/dx/ssa/SsaMethod;)Lcom/android/dx/ssa/SsaBasicBlock; @ 164
Event: 6.845 Thread 0x000000000a548800 Uncommon trap: reason=unstable_if action=reinterpret pc=0x0000000002d565cc method=com.android.dx.ssa.SCCP.simulateBranch(Lcom/android/dx/ssa/SsaInsn;)V @ 64
Event: 7.071 Thread 0x000000000a548800 Uncommon trap: reason=unstable_if action=reinterpret pc=0x0000000002d985a4 method=com.android.dx.ssa.SsaMethod.blockIndexToRopLabel(I)I @ 1

Internal exceptions (10 events):
Event: 4.990 Thread 0x0000000002aa0800 Threw 0x00000000eb4dfb78 at C:\re\jdk7u80\2329\hotspot\src\share\vm\prims\jvm.cpp:1319
Event: 4.999 Thread 0x000000000a51f800 Threw 0x00000000eb563170 at C:\re\jdk7u80\2329\hotspot\src\share\vm\prims\jvm.cpp:1319
Event: 5.103 Thread 0x000000000a548800 Threw 0x00000000eb5f7df0 at C:\re\jdk7u80\2329\hotspot\src\share\vm\prims\jvm.cpp:1319
Event: 5.111 Thread 0x000000000a51f800 Implicit null exception at 0x0000000002cfce5b to 0x0000000002cfd1a1
Event: 6.329 Thread 0x0000000002aa0800 Threw 0x00000000eb13a2b8 at C:\re\jdk7u80\2329\hotspot\src\share\vm\prims\jvm.cpp:1319
Event: 6.494 Thread 0x0000000002aa0800 Threw 0x00000000eb564618 at C:\re\jdk7u80\2329\hotspot\src\share\vm\prims\jvm.cpp:1319
Event: 6.495 Thread 0x0000000002aa0800 Threw 0x00000000eb566e18 at C:\re\jdk7u80\2329\hotspot\src\share\vm\prims\jvm.cpp:1319
Event: 6.495 Thread 0x0000000002aa0800 Threw 0x00000000eb569988 at C:\re\jdk7u80\2329\hotspot\src\share\vm\prims\jvm.cpp:1319
Event: 6.660 Thread 0x000000000a5b8000 Implicit null exception at 0x0000000002d44b18 to 0x0000000002d46011
Event: 6.850 Thread 0x000000000a548800 Threw 0x00000000ec1044b8 at C:\re\jdk7u80\2329\hotspot\src\share\vm\prims\jvm.cpp:1319

Events (10 events):
Event: 7.091 Executing VM operation: RevokeBias
Event: 7.091 Executing VM operation: RevokeBias done
Event: 7.091 Executing VM operation: RevokeBias
Event: 7.091 Executing VM operation: RevokeBias done
Event: 7.091 Executing VM operation: RevokeBias
Event: 7.091 Executing VM operation: RevokeBias done
Event: 7.091 Executing VM operation: RevokeBias
Event: 7.091 Executing VM operation: RevokeBias done
Event: 7.091 Executing VM operation: BulkRevokeBias
Event: 7.091 Executing VM operation: BulkRevokeBias done


Dynamic libraries:
0x00007ff70a960000 - 0x00007ff70a993000 	H:\windowssoftware\jdk\bin\java.exe
0x00007ffa20980000 - 0x00007ffa20b42000 	G:\windows\SYSTEM32\ntdll.dll
0x00007ffa1e150000 - 0x00007ffa1e1fd000 	G:\windows\system32\KERNEL32.DLL
0x00007ffa1daa0000 - 0x00007ffa1dc7d000 	G:\windows\system32\KERNELBASE.dll
0x00007ffa1e380000 - 0x00007ffa1e426000 	G:\windows\system32\ADVAPI32.dll
0x00007ffa1e210000 - 0x00007ffa1e2ad000 	G:\windows\system32\msvcrt.dll
0x00007ffa1e8d0000 - 0x00007ffa1e92b000 	G:\windows\system32\sechost.dll
0x00007ffa1e010000 - 0x00007ffa1e136000 	G:\windows\system32\RPCRT4.dll
0x00007ffa1e4e0000 - 0x00007ffa1e62e000 	G:\windows\system32\USER32.dll
0x00007ffa20620000 - 0x00007ffa207a6000 	G:\windows\system32\GDI32.dll
0x00007ffa187b0000 - 0x00007ffa18a24000 	G:\windows\WinSxS\amd64_microsoft.windows.common-controls_6595b64144ccf1df_6.0.10240.16384_none_f41f7b285750ef43\COMCTL32.dll
0x00007ffa1ec80000 - 0x00007ffa1ecb6000 	G:\windows\system32\IMM32.DLL
0x00007ffa1ed80000 - 0x00007ffa1eedc000 	G:\windows\system32\MSCTF.dll
0x00007ffa1d260000 - 0x00007ffa1d291000 	G:\Windows\system32\nvinitx.dll
0x00007ffa1d250000 - 0x00007ffa1d25a000 	G:\windows\SYSTEM32\VERSION.dll
0x000000000f000000 - 0x000000000f006000 	G:\Program Files\NVIDIA Corporation\CoProcManager\_etoured.dll
0x00007ffa1b4a0000 - 0x00007ffa1b4d2000 	G:\Program Files\NVIDIA Corporation\CoProcManager\nvd3d9wrapx.dll
0x00007ffa207b0000 - 0x00007ffa20975000 	G:\windows\system32\SETUPAPI.dll
0x00007ffa1dfc0000 - 0x00007ffa1e004000 	G:\windows\system32\CFGMGR32.dll
0x00007ffa1b470000 - 0x00007ffa1b492000 	G:\Program Files\NVIDIA Corporation\CoProcManager\nvdxgiwrapx.dll
0x00000000771e0000 - 0x00000000772b2000 	H:\windowssoftware\jdk\jre\bin\msvcr100.dll
0x0000000077510000 - 0x0000000077ce9000 	H:\windowssoftware\jdk\jre\bin\server\jvm.dll
0x00007ffa1e370000 - 0x00007ffa1e378000 	G:\windows\system32\PSAPI.DLL
0x00007ffa141f0000 - 0x00007ffa141f9000 	G:\windows\SYSTEM32\WSOCK32.dll
0x00007ffa1e860000 - 0x00007ffa1e8c9000 	G:\windows\system32\WS2_32.dll
0x00007ffa1e140000 - 0x00007ffa1e148000 	G:\windows\system32\NSI.dll
0x00007ffa1b330000 - 0x00007ffa1b353000 	G:\windows\SYSTEM32\WINMM.dll
0x00007ffa1b2d0000 - 0x00007ffa1b2fc000 	G:\windows\SYSTEM32\WINMMBASE.dll
0x00007ffa1bbf0000 - 0x00007ffa1bc17000 	G:\windows\SYSTEM32\DEVOBJ.dll
0x0000000050150000 - 0x000000005015f000 	H:\windowssoftware\jdk\jre\bin\verify.dll
0x0000000050120000 - 0x0000000050148000 	H:\windowssoftware\jdk\jre\bin\java.dll
0x0000000050100000 - 0x0000000050116000 	H:\windowssoftware\jdk\jre\bin\zip.dll
0x00000000500e0000 - 0x00000000500fa000 	H:\windowssoftware\jdk\jre\bin\net.dll
0x00007ffa1cb30000 - 0x00007ffa1cb8d000 	G:\windows\system32\mswsock.dll
0x00000000500c0000 - 0x00000000500d1000 	H:\windowssoftware\jdk\jre\bin\nio.dll

VM Arguments:
jvm_args: -Djava.awt.headless=true -Xmx1024M -Dfile.encoding=GBK -Duser.country=CN -Duser.language=zh -Duser.variant 
java_command: com.android.dx.command.Main --dex --force-jumbo --num-threads=4 --output H:\shili\WHU_IBMS1\GSUOCM\build\intermediates\pre-dexed\debug\ksoap2-android-assembly-3.0.0-jar-with-dependencies_71aab70872f562c9ec8f31042071eb6f698b5edc.jar H:\shili\WHU_IBMS1\GSUOCM\libs\ksoap2-android-assembly-3.0.0-jar-with-dependencies.jar
Launcher Type: SUN_STANDARD

Environment Variables:
JAVA_HOME=H:\windowssoftware\jdk
CLASSPATH=.;H:\windowssoftware\jdklib;H:\windowssoftware\jdklib\tools.jar
PATH=H:\windowssoftware\jdk\bin;H:\windowssoftware\jdk\jre\bin;G:\windows\system32;G:\windows;G:\windows\System32\Wbem;G:\windows\System32\WindowsPowerShell\v1.0\;G:\Program Files\Microsoft\Web Platform Installer\;G:\Program Files (x86)\Microsoft ASP.NET\ASP.NET Web Pages\v1.0\;G:\Program Files (x86)\Windows Kits\8.0\Windows Performance Toolkit\;G:\Program Files\Microsoft SQL Server\110\Tools\Binn\;G:\Program Files\Microsoft SQL Server\110\DTS\Binn\;G:\Program Files (x86)\Microsoft SQL Server\110\Tools\Binn\;G:\Program Files (x86)\Microsoft SQL Server\110\Tools\Binn\ManagementStudio\;G:\Program Files (x86)\Microsoft Visual Studio 10.0\Common7\IDE\PrivateAssemblies\;G:\Program Files (x86)\Microsoft SQL Server\110\DTS\Binn\
USERNAME=Ê¯·Ü¶·
OS=Windows_NT
PROCESSOR_IDENTIFIER=Intel64 Family 6 Model 42 Stepping 7, GenuineIntel



---------------  S Y S T E M  ---------------

OS: Windows 8.1 , 64 bit Build 9600 

CPU:total 4 (2 cores per cpu, 2 threads per core) family 6 model 42 stepping 7, cmov, cx8, fxsr, mmx, sse, sse2, sse3, ssse3, sse4.1, sse4.2, popcnt, avx, ht, tsc, tscinvbit

Memory: 4k page, physical 6193648k(773136k free), swap 10289648k(5584k free)

vm_info: Java HotSpot(TM) 64-Bit Server VM (24.80-b11) for windows-amd64 JRE (1.7.0_80-b15), built on Apr 10 2015 11:26:34 by "java_re" with unknown MS VC++:1600

time: Wed May 18 13:00:38 2016
elapsed time: 7 seconds

