#
# There is insufficient memory for the Java Runtime Environment to continue.
# Native memory allocation (malloc) failed to allocate 906416 bytes for Chunk::new
# Possible reasons:
#   The system is out of physical RAM or swap space
#   In 32 bit mode, the process size limit was hit
# Possible solutions:
#   Reduce memory load on the system
#   Increase physical memory or swap space
#   Check if swap backing store is full
#   Use 64 bit Java on a 64 bit OS
#   Decrease Java heap size (-Xmx/-Xms)
#   Decrease number of Java threads
#   Decrease Java thread stack sizes (-Xss)
#   Set larger code cache with -XX:ReservedCodeCacheSize=
# This output file may be truncated or incomplete.
#
#  Out of Memory Error (allocation.cpp:323), pid=6932, tid=5728
#
# JRE version: Java(TM) SE Runtime Environment (7.0_80-b15) (build 1.7.0_80-b15)
# Java VM: Java HotSpot(TM) 64-Bit Server VM (24.80-b11 mixed mode windows-amd64 compressed oops)
# Failed to write core dump. Minidumps are not enabled by default on client versions of Windows
#

---------------  T H R E A D  ---------------

Current thread (0x0000000008fa0800):  JavaThread "C2 CompilerThread1" daemon [_thread_in_native, id=5728, stack(0x000000000a600000,0x000000000a700000)]

Stack: [0x000000000a600000,0x000000000a700000]
[error occurred during error reporting (printing stack bounds), id 0xc0000005]


[error occurred during error reporting (printing native stack), id 0xc0000005]


Current CompileTask:
C2:  10622  167   !         com.android.dx.cf.code.Ropper::processBlock (1101 bytes)


---------------  P R O C E S S  ---------------

Java Threads: ( => current thread )
  0x000000000a9f6000 JavaThread "pool-2-thread-4" [_thread_in_Java, id=1376, stack(0x000000000b100000,0x000000000b200000)]
  0x000000000a9dc000 JavaThread "pool-2-thread-2" [_thread_in_Java, id=3016, stack(0x000000000af00000,0x000000000b000000)]
  0x000000000a9bb000 JavaThread "pool-3-thread-1" [_thread_blocked, id=2060, stack(0x000000000ae00000,0x000000000af00000)]
  0x000000000a9f0800 JavaThread "pool-2-thread-1" [_thread_in_vm_trans, id=196, stack(0x000000000ad00000,0x000000000ae00000)]
  0x0000000008fb0000 JavaThread "Service Thread" daemon [_thread_blocked, id=488, stack(0x000000000a700000,0x000000000a800000)]
=>0x0000000008fa0800 JavaThread "C2 CompilerThread1" daemon [_thread_in_native, id=5728, stack(0x000000000a600000,0x000000000a700000)]
  0x0000000008f9e800 JavaThread "C2 CompilerThread0" daemon [_thread_in_native, id=5980, stack(0x000000000a500000,0x000000000a600000)]
  0x0000000008f9d000 JavaThread "Attach Listener" daemon [_thread_blocked, id=5464, stack(0x000000000a400000,0x000000000a500000)]
  0x0000000008f9a000 JavaThread "Signal Dispatcher" daemon [_thread_blocked, id=1368, stack(0x000000000a300000,0x000000000a400000)]
  0x0000000008f49800 JavaThread "Finalizer" daemon [_thread_blocked, id=7832, stack(0x000000000a200000,0x000000000a300000)]
  0x0000000008f46000 JavaThread "Reference Handler" daemon [_thread_blocked, id=7128, stack(0x000000000a100000,0x000000000a200000)]
  0x00000000030b0800 JavaThread "main" [_thread_blocked, id=7308, stack(0x0000000002fb0000,0x00000000030b0000)]

Other Threads:
  0x0000000008f41000 VMThread [stack: 0x000000000a000000,0x000000000a100000] [id=5840]
  0x0000000008fb9000 WatcherThread [stack: 0x000000000a800000,0x000000000a900000] [id=8580]

VM state:not at safepoint (normal execution)

VM Mutex/Monitor currently owned by a thread: None

Heap
 PSYoungGen      total 28672K, used 21845K [0x00000000eaa80000, 0x00000000eca00000, 0x0000000100000000)
  eden space 25088K, 87% used [0x00000000eaa80000,0x00000000ebfd54d8,0x00000000ec300000)
  from space 3584K, 0% used [0x00000000ec680000,0x00000000ec680000,0x00000000eca00000)
  to   space 3584K, 0% used [0x00000000ec300000,0x00000000ec300000,0x00000000ec680000)
 ParOldGen       total 64512K, used 0K [0x00000000c0000000, 0x00000000c3f00000, 0x00000000eaa80000)
  object space 64512K, 0% used [0x00000000c0000000,0x00000000c0000000,0x00000000c3f00000)
 PSPermGen       total 21504K, used 5370K [0x00000000bae00000, 0x00000000bc300000, 0x00000000c0000000)
  object space 21504K, 24% used [0x00000000bae00000,0x00000000bb33e9a0,0x00000000bc300000)

Card table byte_map: [0x00000000061b0000,0x00000000063e0000] byte_map_base: 0x0000000005bd9000

Polling page: 0x00000000013b0000

Code Cache  [0x00000000031b0000, 0x0000000003420000, 0x00000000061b0000)
 total_blobs=388 nmethods=172 adapters=168 free_code_cache=48416Kb largest_free_block=49542720

Compilation events (10 events):
Event: 10.571 Thread 0x0000000008f9e800 nmethod 169 0x000000000324b4d0 code [0x000000000324b620, 0x000000000324b6d8]
Event: 10.571 Thread 0x0000000008f9e800  170             java.util.Arrays::copyOf (47 bytes)
Event: 10.575 Thread 0x0000000008f9e800 nmethod 170 0x0000000003256410 code [0x0000000003256560, 0x00000000032566f8]
Event: 10.575 Thread 0x0000000008f9e800  171             java.util.Arrays::copyOf (13 bytes)
Event: 10.577 Thread 0x0000000008f9e800 nmethod 171 0x0000000003256050 code [0x0000000003256180, 0x0000000003256318]
Event: 10.577 Thread 0x0000000008f9e800  172             java.util.ArrayList::remove (77 bytes)
Event: 10.584 Thread 0x0000000008f9e800 nmethod 172 0x0000000003255b10 code [0x0000000003255c60, 0x0000000003255e78]
Event: 10.587 Thread 0x0000000008f9e800  173             com.android.dx.cf.code.Frame::getStack (5 bytes)
Event: 10.587 Thread 0x0000000008f9e800 nmethod 173 0x0000000003255910 code [0x0000000003255a40, 0x0000000003255a98]
Event: 10.614 Thread 0x0000000008f9e800  174   !         com.android.dx.rop.code.BasicBlock::<init> (273 bytes)

GC Heap History (0 events):
No events

Deoptimization events (7 events):
Event: 6.082 Thread 0x00000000030b0800 Uncommon trap: reason=unstable_if action=reinterpret pc=0x00000000032108c4 method=java.lang.String.indexOf(II)I @ 49
Event: 9.310 Thread 0x000000000a9f6000 Uncommon trap: reason=null_check action=make_not_entrant pc=0x000000000322128c method=com.android.dx.rop.code.LocalItem.equals(Ljava/lang/Object;)Z @ 1
Event: 9.312 Thread 0x000000000a9f6000 Uncommon trap: reason=null_check action=make_not_entrant pc=0x000000000322a288 method=com.android.dx.rop.code.LocalItem.equals(Ljava/lang/Object;)Z @ 1
Event: 9.636 Thread 0x000000000aa61000 Uncommon trap: reason=null_check action=make_not_entrant pc=0x0000000003230830 method=com.android.dx.ssa.SsaRenamer.getLocalForNewReg(I)Lcom/android/dx/rop/code/LocalItem; @ 19
Event: 10.268 Thread 0x000000000aa61000 Uncommon trap: reason=unstable_if action=reinterpret pc=0x0000000003251ecc method=com.android.dx.ssa.DeadCodeRemover.isCircularNoSideEffect(ILjava/util/BitSet;)Z @ 130
Event: 10.313 Thread 0x000000000a9f0800 Uncommon trap: reason=unstable_if action=reinterpret pc=0x000000000324a1f0 method=com.android.dx.cf.code.BasicBlocker.getBlockList()Lcom/android/dx/cf/code/ByteBlockList; @ 70
Event: 10.612 Thread 0x000000000a9dc000 Uncommon trap: reason=class_check action=maybe_recompile pc=0x0000000003266da4 method=com.android.dx.cf.code.BytecodeArray.parseInstruction(ILcom/android/dx/cf/code/BytecodeArray$Visitor;)I @ 987

Internal exceptions (10 events):
Event: 8.760 Thread 0x000000000aa61000 Threw 0x00000000eb43a508 at C:\re\jdk7u80\2329\hotspot\src\share\vm\prims\jvm.cpp:1319
Event: 8.761 Thread 0x000000000aa61000 Threw 0x00000000eb43d140 at C:\re\jdk7u80\2329\hotspot\src\share\vm\prims\jvm.cpp:1319
Event: 8.767 Thread 0x000000000a9f0800 Threw 0x00000000eb25d448 at C:\re\jdk7u80\2329\hotspot\src\share\vm\prims\jvm.cpp:1319
Event: 8.999 Thread 0x000000000aa61000 Threw 0x00000000eb47be88 at C:\re\jdk7u80\2329\hotspot\src\share\vm\prims\jvm.cpp:1319
Event: 9.247 Thread 0x000000000a9f0800 Threw 0x00000000eb4fb8a8 at C:\re\jdk7u80\2329\hotspot\src\share\vm\prims\jvm.cpp:1319
Event: 9.310 Thread 0x000000000a9f6000 Implicit null exception at 0x0000000003220f32 to 0x0000000003221275
Event: 9.312 Thread 0x000000000a9f6000 Implicit null exception at 0x0000000003229b08 to 0x000000000322a26d
Event: 9.627 Thread 0x000000000aa61000 Threw 0x00000000eb588540 at C:\re\jdk7u80\2329\hotspot\src\share\vm\prims\jvm.cpp:1319
Event: 9.636 Thread 0x000000000aa61000 Implicit null exception at 0x000000000322fd92 to 0x0000000003230815
Event: 9.700 Thread 0x000000000aa61000 Threw 0x00000000eb84b030 at C:\re\jdk7u80\2329\hotspot\src\share\vm\prims\jvm.cpp:1319

Events (10 events):
Event: 10.268 Thread 0x000000000aa61000 Uncommon trap: trap_request=0xffffff75 fr.pc=0x0000000003251ecc
Event: 10.268 Thread 0x000000000aa61000 DEOPT PACKING pc=0x0000000003251ecc sp=0x000000000b0fe8c0
Event: 10.268 Thread 0x000000000aa61000 DEOPT UNPACKING pc=0x00000000031e75a4 sp=0x000000000b0fe8a0 mode 2
Event: 10.313 Thread 0x000000000a9f0800 Uncommon trap: trap_request=0xffffff75 fr.pc=0x000000000324a1f0
Event: 10.313 Thread 0x000000000a9f0800 DEOPT PACKING pc=0x000000000324a1f0 sp=0x000000000adff080
Event: 10.313 Thread 0x000000000a9f0800 DEOPT UNPACKING pc=0x00000000031e75a4 sp=0x000000000adff028 mode 2
Event: 10.504 Thread 0x000000000aa61000 Thread exited: 0x000000000aa61000
Event: 10.612 Thread 0x000000000a9dc000 Uncommon trap: trap_request=0xffffffde fr.pc=0x0000000003266da4
Event: 10.612 Thread 0x000000000a9dc000 DEOPT PACKING pc=0x0000000003266da4 sp=0x000000000affe900
Event: 10.612 Thread 0x000000000a9dc000 DEOPT UNPACKING pc=0x00000000031e75a4 sp=0x000000000affe898 mode 2


Dynamic libraries:
0x00007ff7e85d0000 - 0x00007ff7e8603000 	H:\windowssoftware\jdk\bin\java.exe
0x00007ffd06f40000 - 0x00007ffd07102000 	G:\windows\SYSTEM32\ntdll.dll
0x00007ffd05fe0000 - 0x00007ffd0608d000 	G:\windows\system32\KERNEL32.DLL
0x00007ffd039d0000 - 0x00007ffd03bad000 	G:\windows\system32\KERNELBASE.dll
0x00007ffd05e00000 - 0x00007ffd05ea6000 	G:\windows\system32\ADVAPI32.dll
0x00007ffd05ed0000 - 0x00007ffd05f6d000 	G:\windows\system32\msvcrt.dll
0x00007ffd06df0000 - 0x00007ffd06e4b000 	G:\windows\system32\sechost.dll
0x00007ffd05cd0000 - 0x00007ffd05df6000 	G:\windows\system32\RPCRT4.dll
0x00007ffd06ae0000 - 0x00007ffd06c2e000 	G:\windows\system32\USER32.dll
0x00007ffd06950000 - 0x00007ffd06ad6000 	G:\windows\system32\GDI32.dll
0x00007ffcfe760000 - 0x00007ffcfe9d4000 	G:\windows\WinSxS\amd64_microsoft.windows.common-controls_6595b64144ccf1df_6.0.10240.16384_none_f41f7b285750ef43\COMCTL32.dll
0x00007ffd06330000 - 0x00007ffd06366000 	G:\windows\system32\IMM32.DLL
0x00007ffd064c0000 - 0x00007ffd0661c000 	G:\windows\system32\MSCTF.dll
0x00007ffd03820000 - 0x00007ffd03851000 	G:\Windows\system32\nvinitx.dll
0x00007ffd03810000 - 0x00007ffd0381a000 	G:\windows\SYSTEM32\VERSION.dll
0x000000000f000000 - 0x000000000f006000 	G:\Program Files\NVIDIA Corporation\CoProcManager\_etoured.dll
0x00007ffd01fb0000 - 0x00007ffd01fe2000 	G:\Program Files\NVIDIA Corporation\CoProcManager\nvd3d9wrapx.dll
0x00007ffd06100000 - 0x00007ffd062c5000 	G:\windows\system32\SETUPAPI.dll
0x00007ffd03ea0000 - 0x00007ffd03ee4000 	G:\windows\system32\CFGMGR32.dll
0x00007ffd01f80000 - 0x00007ffd01fa2000 	G:\Program Files\NVIDIA Corporation\CoProcManager\nvdxgiwrapx.dll
0x00000000725b0000 - 0x0000000072682000 	H:\windowssoftware\jdk\jre\bin\msvcr100.dll
0x00000000726c0000 - 0x0000000072e99000 	H:\windowssoftware\jdk\jre\bin\server\jvm.dll
0x00007ffd06e50000 - 0x00007ffd06e58000 	G:\windows\system32\PSAPI.DLL
0x00007ffcfab00000 - 0x00007ffcfab09000 	G:\windows\SYSTEM32\WSOCK32.dll
0x00007ffd06090000 - 0x00007ffd060f9000 	G:\windows\system32\WS2_32.dll
0x00007ffd06c30000 - 0x00007ffd06c38000 	G:\windows\system32\NSI.dll
0x00007ffd01ce0000 - 0x00007ffd01d03000 	G:\windows\SYSTEM32\WINMM.dll
0x00007ffd01c80000 - 0x00007ffd01cac000 	G:\windows\SYSTEM32\WINMMBASE.dll
0x00007ffd021b0000 - 0x00007ffd021d7000 	G:\windows\SYSTEM32\DEVOBJ.dll
0x00000000758b0000 - 0x00000000758bf000 	H:\windowssoftware\jdk\jre\bin\verify.dll
0x0000000075880000 - 0x00000000758a8000 	H:\windowssoftware\jdk\jre\bin\java.dll
0x0000000075860000 - 0x0000000075876000 	H:\windowssoftware\jdk\jre\bin\zip.dll

VM Arguments:
jvm_args: -Djava.awt.headless=true -Xmx1024M -Dfile.encoding=GBK -Duser.country=CN -Duser.language=zh -Duser.variant 
java_command: com.android.dx.command.Main --dex --force-jumbo --num-threads=4 --multi-dex --output H:\shili\WHU_IBMS1\GSUOCM\build\intermediates\transforms\dex\debug\folders\1000\5\slice_8 H:\shili\WHU_IBMS1\GSUOCM\build\intermediates\transforms\instantRunSlicer\debug\folders\1\5\slice_8
Launcher Type: SUN_STANDARD

Environment Variables:
JAVA_HOME=H:\windowssoftware\jdk
CLASSPATH=.;H:\windowssoftware\jdklib;H:\windowssoftware\jdklib\tools.jar
PATH=H:\windowssoftware\jdk\bin;H:\windowssoftware\jdk\jre\bin;G:\windows\system32;G:\windows;G:\windows\System32\Wbem;G:\windows\System32\WindowsPowerShell\v1.0\;G:\Program Files\Microsoft\Web Platform Installer\;G:\Program Files (x86)\Microsoft ASP.NET\ASP.NET Web Pages\v1.0\;G:\Program Files (x86)\Windows Kits\8.0\Windows Performance Toolkit\;G:\Program Files\Microsoft SQL Server\110\Tools\Binn\;G:\Program Files\Microsoft SQL Server\110\DTS\Binn\;G:\Program Files (x86)\Microsoft SQL Server\110\Tools\Binn\;G:\Program Files (x86)\Microsoft SQL Server\110\Tools\Binn\ManagementStudio\;G:\Program Files (x86)\Microsoft Visual Studio 10.0\Common7\IDE\PrivateAssemblies\;G:\Program Files (x86)\Microsoft SQL Server\110\DTS\Binn\
USERNAME=Ê¯·Ü¶·
OS=Windows_NT
PROCESSOR_IDENTIFIER=Intel64 Family 6 Model 42 Stepping 7, GenuineIntel



---------------  S Y S T E M  ---------------

OS: Windows 8.1 , 64 bit Build 9600 

CPU:total 4 (2 cores per cpu, 2 threads per core) family 6 model 42 stepping 7, cmov, cx8, fxsr, mmx, sse, sse2, sse3, ssse3, sse4.1, sse4.2, popcnt, avx, ht, tsc, tscinvbit

Memory: 4k page, physical 6193648k(324876k free), swap 10289648k(5888k free)

vm_info: Java HotSpot(TM) 64-Bit Server VM (24.80-b11) for windows-amd64 JRE (1.7.0_80-b15), built on Apr 10 2015 11:26:34 by "java_re" with unknown MS VC++:1600

time: Mon May 16 12:07:52 2016
elapsed time: 10 seconds

