#
# There is insufficient memory for the Java Runtime Environment to continue.
# Native memory allocation (malloc) failed to allocate 887120 bytes for Chunk::new
# Possible reasons:
#   The system is out of physical RAM or swap space
#   In 32 bit mode, the process size limit was hit
# Possible solutions:
#   Reduce memory load on the system
#   Increase physical memory or swap space
#   Check if swap backing store is full
#   Use 64 bit Java on a 64 bit OS
#   Decrease Java heap size (-Xmx/-Xms)
#   Decrease number of Java threads
#   Decrease Java thread stack sizes (-Xss)
#   Set larger code cache with -XX:ReservedCodeCacheSize=
# This output file may be truncated or incomplete.
#
#  Out of Memory Error (allocation.cpp:323), pid=3532, tid=7492
#
# JRE version: Java(TM) SE Runtime Environment (7.0_80-b15) (build 1.7.0_80-b15)
# Java VM: Java HotSpot(TM) 64-Bit Server VM (24.80-b11 mixed mode windows-amd64 compressed oops)
# Failed to write core dump. Minidumps are not enabled by default on client versions of Windows
#

---------------  T H R E A D  ---------------

Current thread (0x0000000008efe800):  JavaThread "C2 CompilerThread0" daemon [_thread_in_native, id=7492, stack(0x000000000a450000,0x000000000a550000)]

Stack: [0x000000000a450000,0x000000000a550000]
[error occurred during error reporting (printing stack bounds), id 0xc0000005]


Current CompileTask:
C2:  13518  418   !         com.android.dx.cf.code.RopperMachine::run (1550 bytes)


---------------  P R O C E S S  ---------------

Java Threads: ( => current thread )
  0x000000000aa55800 JavaThread "pool-2-thread-4" [_thread_blocked, id=2208, stack(0x000000000b060000,0x000000000b160000)]
  0x000000000aa54800 JavaThread "pool-2-thread-3" [_thread_blocked, id=3200, stack(0x000000000af60000,0x000000000b060000)]
  0x000000000aa30000 JavaThread "pool-2-thread-2" [_thread_blocked, id=816, stack(0x000000000ae60000,0x000000000af60000)]
  0x000000000a943800 JavaThread "pool-3-thread-1" [_thread_blocked, id=3108, stack(0x000000000ad60000,0x000000000ae60000)]
  0x000000000a947000 JavaThread "pool-2-thread-1" [_thread_blocked, id=7428, stack(0x000000000ac60000,0x000000000ad60000)]
  0x0000000008f0c000 JavaThread "Service Thread" daemon [_thread_blocked, id=764, stack(0x000000000a650000,0x000000000a750000)]
  0x0000000008f09800 JavaThread "C2 CompilerThread1" daemon [_thread_in_native, id=4556, stack(0x000000000a550000,0x000000000a650000)]
=>0x0000000008efe800 JavaThread "C2 CompilerThread0" daemon [_thread_in_native, id=7492, stack(0x000000000a450000,0x000000000a550000)]
  0x0000000008efd000 JavaThread "Attach Listener" daemon [_thread_blocked, id=2768, stack(0x000000000a350000,0x000000000a450000)]
  0x0000000008efa800 JavaThread "Signal Dispatcher" daemon [_thread_blocked, id=644, stack(0x000000000a250000,0x000000000a350000)]
  0x0000000008ea9800 JavaThread "Finalizer" daemon [_thread_blocked, id=8168, stack(0x000000000a150000,0x000000000a250000)]
  0x0000000008ea6000 JavaThread "Reference Handler" daemon [_thread_blocked, id=9796, stack(0x000000000a050000,0x000000000a150000)]
  0x0000000002f00800 JavaThread "main" [_thread_in_Java, id=1640, stack(0x0000000002a70000,0x0000000002b70000)]

Other Threads:
  0x0000000008ea1000 VMThread [stack: 0x0000000009f50000,0x000000000a050000] [id=9448]
  0x0000000008f19000 WatcherThread [stack: 0x000000000a750000,0x000000000a850000] [id=8924]

VM state:not at safepoint (normal execution)

VM Mutex/Monitor currently owned by a thread: None

Heap
 PSYoungGen      total 53760K, used 31117K [0x00000000eaa80000, 0x00000000ee280000, 0x0000000100000000)
  eden space 50176K, 54% used [0x00000000eaa80000,0x00000000ec5678e8,0x00000000edb80000)
  from space 3584K, 99% used [0x00000000edf00000,0x00000000ee27bc98,0x00000000ee280000)
  to   space 3584K, 0% used [0x00000000edb80000,0x00000000edb80000,0x00000000edf00000)
 ParOldGen       total 64512K, used 4677K [0x00000000c0000000, 0x00000000c3f00000, 0x00000000eaa80000)
  object space 64512K, 7% used [0x00000000c0000000,0x00000000c0491678,0x00000000c3f00000)
 PSPermGen       total 21504K, used 5964K [0x00000000bae00000, 0x00000000bc300000, 0x00000000c0000000)
  object space 21504K, 27% used [0x00000000bae00000,0x00000000bb3d3308,0x00000000bc300000)

Card table byte_map: [0x00000000060c0000,0x00000000062f0000] byte_map_base: 0x0000000005ae9000

Polling page: 0x0000000001310000

Code Cache  [0x0000000003000000, 0x0000000003270000, 0x0000000006000000)
 total_blobs=650 nmethods=411 adapters=191 free_code_cache=47482Kb largest_free_block=48589504

Compilation events (10 events):
Event: 13.344 Thread 0x0000000008efe800  414             com.android.dx.rop.type.StdTypeList::get (9 bytes)
Event: 13.346 Thread 0x0000000008efe800 nmethod 414 0x000000000317a210 code [0x000000000317a360, 0x000000000317a418]
Event: 13.349 Thread 0x0000000008f09800  415             com.android.dx.cf.code.Ropper::getRopMethod (64 bytes)
Event: 13.369 Thread 0x0000000008f09800 nmethod 415 0x000000000318f150 code [0x000000000318f320, 0x000000000318fa58]
Event: 13.376 Thread 0x0000000008efe800  416             com.android.dx.rop.code.RegisterSpec::<init> (8 bytes)
Event: 13.377 Thread 0x0000000008efe800 nmethod 416 0x0000000003188250 code [0x0000000003188380, 0x0000000003188438]
Event: 13.377 Thread 0x0000000008f09800  417             com.android.dx.rop.code.RegisterSpec::<init> (48 bytes)
Event: 13.378 Thread 0x0000000008f09800 nmethod 417 0x000000000319cd50 code [0x000000000319ce80, 0x000000000319cf38]
Event: 13.392 Thread 0x0000000008efe800  418   !         com.android.dx.cf.code.RopperMachine::run (1550 bytes)
Event: 13.462 Thread 0x0000000008f09800  419             com.android.dx.cf.code.ValueAwareMachine::run (1142 bytes)

GC Heap History (4 events):
Event: 7.418 GC heap before
{Heap before GC invocations=1 (full 0):
 PSYoungGen      total 28672K, used 25088K [0x00000000eaa80000, 0x00000000eca00000, 0x0000000100000000)
  eden space 25088K, 100% used [0x00000000eaa80000,0x00000000ec300000,0x00000000ec300000)
  from space 3584K, 0% used [0x00000000ec680000,0x00000000ec680000,0x00000000eca00000)
  to   space 3584K, 0% used [0x00000000ec300000,0x00000000ec300000,0x00000000ec680000)
 ParOldGen       total 64512K, used 0K [0x00000000c0000000, 0x00000000c3f00000, 0x00000000eaa80000)
  object space 64512K, 0% used [0x00000000c0000000,0x00000000c0000000,0x00000000c3f00000)
 PSPermGen       total 21504K, used 5735K [0x00000000bae00000, 0x00000000bc300000, 0x00000000c0000000)
  object space 21504K, 26% used [0x00000000bae00000,0x00000000bb399db8,0x00000000bc300000)
Event: 7.693 GC heap after
Heap after GC invocations=1 (full 0):
 PSYoungGen      total 28672K, used 3570K [0x00000000eaa80000, 0x00000000ee280000, 0x0000000100000000)
  eden space 25088K, 0% used [0x00000000eaa80000,0x00000000eaa80000,0x00000000ec300000)
  from space 3584K, 99% used [0x00000000ec300000,0x00000000ec67cac8,0x00000000ec680000)
  to   space 3584K, 0% used [0x00000000edf00000,0x00000000edf00000,0x00000000ee280000)
 ParOldGen       total 64512K, used 1506K [0x00000000c0000000, 0x00000000c3f00000, 0x00000000eaa80000)
  object space 64512K, 2% used [0x00000000c0000000,0x00000000c01788e8,0x00000000c3f00000)
 PSPermGen       total 21504K, used 5735K [0x00000000bae00000, 0x00000000bc300000, 0x00000000c0000000)
  object space 21504K, 26% used [0x00000000bae00000,0x00000000bb399db8,0x00000000bc300000)
}
Event: 10.571 GC heap before
{Heap before GC invocations=2 (full 0):
 PSYoungGen      total 28672K, used 28658K [0x00000000eaa80000, 0x00000000ee280000, 0x0000000100000000)
  eden space 25088K, 100% used [0x00000000eaa80000,0x00000000ec300000,0x00000000ec300000)
  from space 3584K, 99% used [0x00000000ec300000,0x00000000ec67cac8,0x00000000ec680000)
  to   space 3584K, 0% used [0x00000000edf00000,0x00000000edf00000,0x00000000ee280000)
 ParOldGen       total 64512K, used 1506K [0x00000000c0000000, 0x00000000c3f00000, 0x00000000eaa80000)
  object space 64512K, 2% used [0x00000000c0000000,0x00000000c01788e8,0x00000000c3f00000)
 PSPermGen       total 21504K, used 5915K [0x00000000bae00000, 0x00000000bc300000, 0x00000000c0000000)
  object space 21504K, 27% used [0x00000000bae00000,0x00000000bb3c6c08,0x00000000bc300000)
Event: 10.585 GC heap after
Heap after GC invocations=2 (full 0):
 PSYoungGen      total 53760K, used 3567K [0x00000000eaa80000, 0x00000000ee280000, 0x0000000100000000)
  eden space 50176K, 0% used [0x00000000eaa80000,0x00000000eaa80000,0x00000000edb80000)
  from space 3584K, 99% used [0x00000000edf00000,0x00000000ee27bc98,0x00000000ee280000)
  to   space 3584K, 0% used [0x00000000edb80000,0x00000000edb80000,0x00000000edf00000)
 ParOldGen       total 64512K, used 4677K [0x00000000c0000000, 0x00000000c3f00000, 0x00000000eaa80000)
  object space 64512K, 7% used [0x00000000c0000000,0x00000000c0491678,0x00000000c3f00000)
 PSPermGen       total 21504K, used 5915K [0x00000000bae00000, 0x00000000bc300000, 0x00000000c0000000)
  object space 21504K, 27% used [0x00000000bae00000,0x00000000bb3c6c08,0x00000000bc300000)
}

Deoptimization events (10 events):
Event: 12.435 Thread 0x000000000aa55800 Uncommon trap: reason=null_check action=make_not_entrant pc=0x0000000003169dd4 method=com.android.dx.dex.file.MethodIdsSection.intern(Lcom/android/dx/rop/cst/CstBaseMethodRef;)Lcom/android/dx/dex/file/MethodIdItem; @ 26
Event: 12.439 Thread 0x000000000aa30000 Uncommon trap: reason=null_check action=make_not_entrant pc=0x0000000003169dd4 method=com.android.dx.dex.file.MethodIdsSection.intern(Lcom/android/dx/rop/cst/CstBaseMethodRef;)Lcom/android/dx/dex/file/MethodIdItem; @ 26
Event: 12.447 Thread 0x000000000a947000 Uncommon trap: reason=unstable_if action=reinterpret pc=0x000000000313b440 method=com.android.dx.cf.code.BytecodeArray.parseInstruction(ILcom/android/dx/cf/code/BytecodeArray$Visitor;)I @ 1198
Event: 12.517 Thread 0x0000000002f00800 Uncommon trap: reason=unstable_if action=reinterpret pc=0x00000000030dc048 method=com.android.dx.rop.cst.StdConstantPool.set(ILcom/android/dx/rop/cst/Constant;)V @ 12
Event: 12.518 Thread 0x0000000002f00800 Uncommon trap: reason=unstable_if action=reinterpret pc=0x00000000031377c4 method=com.android.dx.cf.cst.ConstantPoolParser.parse()V @ 113
Event: 12.533 Thread 0x000000000aa30000 Uncommon trap: reason=class_check action=maybe_recompile pc=0x00000000031313e8 method=com.android.dx.ssa.SCCP.replaceConstants()V @ 127
Event: 12.534 Thread 0x000000000a947000 Uncommon trap: reason=class_check action=maybe_recompile pc=0x00000000030bea7c method=java.util.HashMap.put(Ljava/lang/Object;Ljava/lang/Object;)Ljava/lang/Object; @ 83
Event: 13.045 Thread 0x0000000002f00800 Uncommon trap: reason=unstable_if action=reinterpret pc=0x0000000003162954 method=com.android.dx.ssa.LocalVariableExtractor.doit()Lcom/android/dx/ssa/LocalVariableInfo; @ 7
Event: 13.445 Thread 0x0000000002f00800 Uncommon trap: reason=unstable_if action=reinterpret pc=0x00000000030d2ab8 method=com.android.dx.ssa.SCCP.simulateBranch(Lcom/android/dx/ssa/SsaInsn;)V @ 64
Event: 13.448 Thread 0x0000000002f00800 Uncommon trap: reason=unloaded action=reinterpret pc=0x0000000003126a48 method=com.android.dx.ssa.LiteralOpUpgrader$1.visitNonMoveInsn(Lcom/android/dx/ssa/NormalSsaInsn;)V @ 72

Internal exceptions (10 events):
Event: 9.855 Thread 0x000000000aa30000 Threw 0x00000000ebd93198 at C:\re\jdk7u80\2329\hotspot\src\share\vm\prims\jvm.cpp:1319
Event: 9.991 Thread 0x0000000002f00800 Threw 0x00000000ec02c098 at C:\re\jdk7u80\2329\hotspot\src\share\vm\prims\jvm.cpp:1319
Event: 9.991 Thread 0x0000000002f00800 Threw 0x00000000ec02e348 at C:\re\jdk7u80\2329\hotspot\src\share\vm\prims\jvm.cpp:1319
Event: 10.352 Thread 0x000000000a947000 Threw 0x00000000ebee75d0 at C:\re\jdk7u80\2329\hotspot\src\share\vm\prims\jvm.cpp:1319
Event: 10.911 Thread 0x000000000aa55800 Threw 0x00000000eaf72268 at C:\re\jdk7u80\2329\hotspot\src\share\vm\prims\jvm.cpp:1319
Event: 10.932 Thread 0x000000000aa30000 Implicit null exception at 0x000000000311b2f5 to 0x000000000311cfe9
Event: 12.435 Thread 0x000000000aa55800 Implicit null exception at 0x000000000316947c to 0x0000000003169dc5
Event: 12.439 Thread 0x000000000aa30000 Implicit null exception at 0x000000000316947c to 0x0000000003169dc5
Event: 13.375 Thread 0x0000000002f00800 Threw 0x00000000ec460358 at C:\re\jdk7u80\2329\hotspot\src\share\vm\prims\jvm.cpp:1319
Event: 13.449 Thread 0x0000000002f00800 Threw 0x00000000ec4e2128 at C:\re\jdk7u80\2329\hotspot\src\share\vm\prims\jvm.cpp:1319

Events (10 events):
Event: 13.375 loading class 0x000000000aa6fb20
Event: 13.375 loading class 0x000000000aa6fb20 done
Event: 13.445 Thread 0x0000000002f00800 Uncommon trap: trap_request=0xffffff75 fr.pc=0x00000000030d2ab8
Event: 13.445 Thread 0x0000000002f00800 DEOPT PACKING pc=0x00000000030d2ab8 sp=0x0000000002b6e1b0
Event: 13.445 Thread 0x0000000002f00800 DEOPT UNPACKING pc=0x00000000030375a4 sp=0x0000000002b6e150 mode 2
Event: 13.448 Thread 0x0000000002f00800 Uncommon trap: trap_request=0x0000004e fr.pc=0x0000000003126a48
Event: 13.449 loading class 0x000000000aa6fa20
Event: 13.449 loading class 0x000000000aa6fa20 done
Event: 13.449 Thread 0x0000000002f00800 DEOPT PACKING pc=0x0000000003126a48 sp=0x0000000002b6e220
Event: 13.449 Thread 0x0000000002f00800 DEOPT UNPACKING pc=0x00000000030375a4 sp=0x0000000002b6e1c8 mode 2


Dynamic libraries:
0x00007ff7e85d0000 - 0x00007ff7e8603000 	H:\windowssoftware\jdk\bin\java.exe
0x00007ffd06f40000 - 0x00007ffd07102000 	G:\windows\SYSTEM32\ntdll.dll
0x00007ffd05fe0000 - 0x00007ffd0608d000 	G:\windows\system32\KERNEL32.DLL
0x00007ffd039d0000 - 0x00007ffd03bad000 	G:\windows\system32\KERNELBASE.dll
0x00007ffd05e00000 - 0x00007ffd05ea6000 	G:\windows\system32\ADVAPI32.dll
0x00007ffd05ed0000 - 0x00007ffd05f6d000 	G:\windows\system32\msvcrt.dll
0x00007ffd06df0000 - 0x00007ffd06e4b000 	G:\windows\system32\sechost.dll
0x00007ffd05cd0000 - 0x00007ffd05df6000 	G:\windows\system32\RPCRT4.dll
0x00007ffd06ae0000 - 0x00007ffd06c2e000 	G:\windows\system32\USER32.dll
0x00007ffd06950000 - 0x00007ffd06ad6000 	G:\windows\system32\GDI32.dll
0x00007ffcfe760000 - 0x00007ffcfe9d4000 	G:\windows\WinSxS\amd64_microsoft.windows.common-controls_6595b64144ccf1df_6.0.10240.16384_none_f41f7b285750ef43\COMCTL32.dll
0x00007ffd06330000 - 0x00007ffd06366000 	G:\windows\system32\IMM32.DLL
0x00007ffd064c0000 - 0x00007ffd0661c000 	G:\windows\system32\MSCTF.dll
0x00007ffd03820000 - 0x00007ffd03851000 	G:\Windows\system32\nvinitx.dll
0x00007ffd03810000 - 0x00007ffd0381a000 	G:\windows\SYSTEM32\VERSION.dll
0x000000000f000000 - 0x000000000f006000 	G:\Program Files\NVIDIA Corporation\CoProcManager\_etoured.dll
0x00007ffd01fb0000 - 0x00007ffd01fe2000 	G:\Program Files\NVIDIA Corporation\CoProcManager\nvd3d9wrapx.dll
0x00007ffd06100000 - 0x00007ffd062c5000 	G:\windows\system32\SETUPAPI.dll
0x00007ffd03ea0000 - 0x00007ffd03ee4000 	G:\windows\system32\CFGMGR32.dll
0x00007ffd01f80000 - 0x00007ffd01fa2000 	G:\Program Files\NVIDIA Corporation\CoProcManager\nvdxgiwrapx.dll
0x00000000725b0000 - 0x0000000072682000 	H:\windowssoftware\jdk\jre\bin\msvcr100.dll
0x00000000726c0000 - 0x0000000072e99000 	H:\windowssoftware\jdk\jre\bin\server\jvm.dll
0x00007ffd06e50000 - 0x00007ffd06e58000 	G:\windows\system32\PSAPI.DLL
0x00007ffcfab00000 - 0x00007ffcfab09000 	G:\windows\SYSTEM32\WSOCK32.dll
0x00007ffd06090000 - 0x00007ffd060f9000 	G:\windows\system32\WS2_32.dll
0x00007ffd06c30000 - 0x00007ffd06c38000 	G:\windows\system32\NSI.dll
0x00007ffd01ce0000 - 0x00007ffd01d03000 	G:\windows\SYSTEM32\WINMM.dll
0x00007ffd01c80000 - 0x00007ffd01cac000 	G:\windows\SYSTEM32\WINMMBASE.dll
0x00007ffd021b0000 - 0x00007ffd021d7000 	G:\windows\SYSTEM32\DEVOBJ.dll
0x00000000758b0000 - 0x00000000758bf000 	H:\windowssoftware\jdk\jre\bin\verify.dll
0x0000000075880000 - 0x00000000758a8000 	H:\windowssoftware\jdk\jre\bin\java.dll
0x0000000075860000 - 0x0000000075876000 	H:\windowssoftware\jdk\jre\bin\zip.dll
0x0000000075840000 - 0x000000007585a000 	H:\windowssoftware\jdk\jre\bin\net.dll
0x00007ffd030f0000 - 0x00007ffd0314d000 	G:\windows\system32\mswsock.dll
0x0000000075820000 - 0x0000000075831000 	H:\windowssoftware\jdk\jre\bin\nio.dll

VM Arguments:
jvm_args: -Djava.awt.headless=true -Xmx1024M -Dfile.encoding=GBK -Duser.country=CN -Duser.language=zh -Duser.variant 
java_command: com.android.dx.command.Main --dex --force-jumbo --num-threads=4 --multi-dex --output H:\shili\WHU_IBMS1\GSUOCM\build\intermediates\transforms\dex\debug\folders\1000\10\internal_impl-23.3.0_306cd090afff046fdf8efbc9a2f8b55ebaf1822b H:\shili\WHU_IBMS1\GSUOCM\build\intermediates\exploded-aar\com.android.support\support-v4\23.3.0\jars\libs\internal_impl-23.3.0.jar
Launcher Type: SUN_STANDARD

Environment Variables:
JAVA_HOME=H:\windowssoftware\jdk
CLASSPATH=.;H:\windowssoftware\jdklib;H:\windowssoftware\jdklib\tools.jar
PATH=H:\windowssoftware\jdk\bin;H:\windowssoftware\jdk\jre\bin;G:\windows\system32;G:\windows;G:\windows\System32\Wbem;G:\windows\System32\WindowsPowerShell\v1.0\;G:\Program Files\Microsoft\Web Platform Installer\;G:\Program Files (x86)\Microsoft ASP.NET\ASP.NET Web Pages\v1.0\;G:\Program Files (x86)\Windows Kits\8.0\Windows Performance Toolkit\;G:\Program Files\Microsoft SQL Server\110\Tools\Binn\;G:\Program Files\Microsoft SQL Server\110\DTS\Binn\;G:\Program Files (x86)\Microsoft SQL Server\110\Tools\Binn\;G:\Program Files (x86)\Microsoft SQL Server\110\Tools\Binn\ManagementStudio\;G:\Program Files (x86)\Microsoft Visual Studio 10.0\Common7\IDE\PrivateAssemblies\;G:\Program Files (x86)\Microsoft SQL Server\110\DTS\Binn\
USERNAME=Ê¯·Ü¶·
OS=Windows_NT
PROCESSOR_IDENTIFIER=Intel64 Family 6 Model 42 Stepping 7, GenuineIntel



---------------  S Y S T E M  ---------------

OS: Windows 8.1 , 64 bit Build 9600 

CPU:total 4 (2 cores per cpu, 2 threads per core) family 6 model 42 stepping 7, cmov, cx8, fxsr, mmx, sse, sse2, sse3, ssse3, sse4.1, sse4.2, popcnt, avx, ht, tsc, tscinvbit

Memory: 4k page, physical 6193648k(358940k free), swap 10289648k(5252k free)

vm_info: Java HotSpot(TM) 64-Bit Server VM (24.80-b11) for windows-amd64 JRE (1.7.0_80-b15), built on Apr 10 2015 11:26:34 by "java_re" with unknown MS VC++:1600

time: Mon May 16 12:07:23 2016
elapsed time: 13 seconds

